app/build/intermediates/manifest_merge_blame_file/debug/processDebugMainManifest/manifest-merger-blame-debug-report.txt
1<?xml version="1.0" encoding="utf-8"?>
2<manifest xmlns:android="http://schemas.android.com/apk/res/android"
3    package="com.example.lab_exam"
4    android:versionCode="1"
5    android:versionName="1.0" >
6
7    <uses-sdk
8        android:minSdkVersion="24"
9        android:targetSdkVersion="34" />
10
11    <permission
11-->[androidx.core:core:1.12.0] AndroidManifest.xml:22:5-24:47
12        android:name="com.example.lab_exam.DYNAMIC_RECEIVER_NOT_EXPORTED_PERMISSION"
12-->[androidx.core:core:1.12.0] AndroidManifest.xml:23:9-81
13        android:protectionLevel="signature" />
13-->[androidx.core:core:1.12.0] AndroidManifest.xml:24:9-44
14
15    <uses-permission android:name="com.example.lab_exam.DYNAMIC_RECEIVER_NOT_EXPORTED_PERMISSION" />
15-->[androidx.core:core:1.12.0] AndroidManifest.xml:26:5-97
15-->[androidx.core:core:1.12.0] AndroidManifest.xml:26:22-94
16
17    <application
17-->src\main\AndroidManifest.xml:5:5-51:19
18        android:allowBackup="true"
18-->src\main\AndroidManifest.xml:6:9-35
19        android:appComponentFactory="androidx.core.app.CoreComponentFactory"
19-->[androidx.core:core:1.12.0] AndroidManifest.xml:28:18-86
20        android:dataExtractionRules="@xml/data_extraction_rules"
20-->src\main\AndroidManifest.xml:7:9-65
21        android:debuggable="true"
22        android:extractNativeLibs="false"
23        android:fullBackupContent="@xml/backup_rules"
23-->src\main\AndroidManifest.xml:8:9-54
24        android:icon="@mipmap/ic_launcher"
24-->src\main\AndroidManifest.xml:9:9-43
25        android:label="@string/app_name"
25-->src\main\AndroidManifest.xml:10:9-41
26        android:roundIcon="@mipmap/ic_launcher_round"
26-->src\main\AndroidManifest.xml:11:9-54
27        android:supportsRtl="true"
27-->src\main\AndroidManifest.xml:12:9-35
28        android:testOnly="true"
29        android:theme="@style/Theme.LABEXAM" >
29-->src\main\AndroidManifest.xml:13:9-45
30        <activity
30-->src\main\AndroidManifest.xml:15:9-19:52
31            android:name="com.example.lab_exam.WeatherDetailScreen"
31-->src\main\AndroidManifest.xml:16:13-48
32            android:exported="false"
32-->src\main\AndroidManifest.xml:17:13-37
33            android:label="@string/title_activity_weather_detail_screen"
33-->src\main\AndroidManifest.xml:18:13-73
34            android:theme="@style/Theme.LABEXAM" />
34-->src\main\AndroidManifest.xml:19:13-49
35        <activity
35-->src\main\AndroidManifest.xml:20:9-24:52
36            android:name="com.example.lab_exam.CitySelectionScreen"
36-->src\main\AndroidManifest.xml:21:13-48
37            android:exported="false"
37-->src\main\AndroidManifest.xml:22:13-37
38            android:label="@string/title_activity_city_selection_screen"
38-->src\main\AndroidManifest.xml:23:13-73
39            android:theme="@style/Theme.LABEXAM" />
39-->src\main\AndroidManifest.xml:24:13-49
40        <activity
40-->src\main\AndroidManifest.xml:25:9-29:52
41            android:name="com.example.lab_exam.SplashScreen"
41-->src\main\AndroidManifest.xml:26:13-41
42            android:exported="false"
42-->src\main\AndroidManifest.xml:27:13-37
43            android:label="@string/title_activity_splash_screen"
43-->src\main\AndroidManifest.xml:28:13-65
44            android:theme="@style/Theme.LABEXAM" />
44-->src\main\AndroidManifest.xml:29:13-49
45        <activity
45-->src\main\AndroidManifest.xml:30:9-34:52
46            android:name="com.example.lab_exam.ui.theme.ui.theme.SplashScreen"
46-->src\main\AndroidManifest.xml:31:13-59
47            android:exported="false"
47-->src\main\AndroidManifest.xml:32:13-37
48            android:label="@string/title_activity_splash_screen"
48-->src\main\AndroidManifest.xml:33:13-65
49            android:theme="@style/Theme.LABEXAM" />
49-->src\main\AndroidManifest.xml:34:13-49
50        <activity
50-->src\main\AndroidManifest.xml:35:9-39:52
51            android:name="com.example.lab_exam.ui.theme.splash"
51-->src\main\AndroidManifest.xml:36:13-44
52            android:exported="false"
52-->src\main\AndroidManifest.xml:37:13-37
53            android:label="@string/title_activity_splash"
53-->src\main\AndroidManifest.xml:38:13-58
54            android:theme="@style/Theme.LABEXAM" />
54-->src\main\AndroidManifest.xml:39:13-49
55        <activity
55-->src\main\AndroidManifest.xml:40:9-50:20
56            android:name="com.example.lab_exam.MainActivity"
56-->src\main\AndroidManifest.xml:41:13-41
57            android:exported="true"
57-->src\main\AndroidManifest.xml:42:13-36
58            android:label="@string/app_name"
58-->src\main\AndroidManifest.xml:43:13-45
59            android:theme="@style/Theme.LABEXAM" >
59-->src\main\AndroidManifest.xml:44:13-49
60            <intent-filter>
60-->src\main\AndroidManifest.xml:45:13-49:29
61                <action android:name="android.intent.action.MAIN" />
61-->src\main\AndroidManifest.xml:46:17-69
61-->src\main\AndroidManifest.xml:46:25-66
62
63                <category android:name="android.intent.category.LAUNCHER" />
63-->src\main\AndroidManifest.xml:48:17-77
63-->src\main\AndroidManifest.xml:48:27-74
64            </intent-filter>
65        </activity>
66        <activity
66-->[androidx.compose.ui:ui-tooling-android:1.5.1] AndroidManifest.xml:23:9-25:39
67            android:name="androidx.compose.ui.tooling.PreviewActivity"
67-->[androidx.compose.ui:ui-tooling-android:1.5.1] AndroidManifest.xml:24:13-71
68            android:exported="true" />
68-->[androidx.compose.ui:ui-tooling-android:1.5.1] AndroidManifest.xml:25:13-36
69
70        <provider
70-->[androidx.emoji2:emoji2:1.4.0] AndroidManifest.xml:24:9-32:20
71            android:name="androidx.startup.InitializationProvider"
71-->[androidx.emoji2:emoji2:1.4.0] AndroidManifest.xml:25:13-67
72            android:authorities="com.example.lab_exam.androidx-startup"
72-->[androidx.emoji2:emoji2:1.4.0] AndroidManifest.xml:26:13-68
73            android:exported="false" >
73-->[androidx.emoji2:emoji2:1.4.0] AndroidManifest.xml:27:13-37
74            <meta-data
74-->[androidx.emoji2:emoji2:1.4.0] AndroidManifest.xml:29:13-31:52
75                android:name="androidx.emoji2.text.EmojiCompatInitializer"
75-->[androidx.emoji2:emoji2:1.4.0] AndroidManifest.xml:30:17-75
76                android:value="androidx.startup" />
76-->[androidx.emoji2:emoji2:1.4.0] AndroidManifest.xml:31:17-49
77            <meta-data
77-->[androidx.lifecycle:lifecycle-process:2.7.0] AndroidManifest.xml:29:13-31:52
78                android:name="androidx.lifecycle.ProcessLifecycleInitializer"
78-->[androidx.lifecycle:lifecycle-process:2.7.0] AndroidManifest.xml:30:17-78
79                android:value="androidx.startup" />
79-->[androidx.lifecycle:lifecycle-process:2.7.0] AndroidManifest.xml:31:17-49
80            <meta-data
80-->[androidx.profileinstaller:profileinstaller:1.3.0] AndroidManifest.xml:29:13-31:52
81                android:name="androidx.profileinstaller.ProfileInstallerInitializer"
81-->[androidx.profileinstaller:profileinstaller:1.3.0] AndroidManifest.xml:30:17-85
82                android:value="androidx.startup" />
82-->[androidx.profileinstaller:profileinstaller:1.3.0] AndroidManifest.xml:31:17-49
83        </provider>
84
85        <activity
85-->[androidx.compose.ui:ui-test-manifest:1.5.1] AndroidManifest.xml:23:9-25:39
86            android:name="androidx.activity.ComponentActivity"
86-->[androidx.compose.ui:ui-test-manifest:1.5.1] AndroidManifest.xml:24:13-63
87            android:exported="true" />
87-->[androidx.compose.ui:ui-test-manifest:1.5.1] AndroidManifest.xml:25:13-36
88
89        <receiver
89-->[androidx.profileinstaller:profileinstaller:1.3.0] AndroidManifest.xml:34:9-52:20
90            android:name="androidx.profileinstaller.ProfileInstallReceiver"
90-->[androidx.profileinstaller:profileinstaller:1.3.0] AndroidManifest.xml:35:13-76
91            android:directBootAware="false"
91-->[androidx.profileinstaller:profileinstaller:1.3.0] AndroidManifest.xml:36:13-44
92            android:enabled="true"
92-->[androidx.profileinstaller:profileinstaller:1.3.0] AndroidManifest.xml:37:13-35
93            android:exported="true"
93-->[androidx.profileinstaller:profileinstaller:1.3.0] AndroidManifest.xml:38:13-36
94            android:permission="android.permission.DUMP" >
94-->[androidx.profileinstaller:profileinstaller:1.3.0] AndroidManifest.xml:39:13-57
95            <intent-filter>
95-->[androidx.profileinstaller:profileinstaller:1.3.0] AndroidManifest.xml:40:13-42:29
96                <action android:name="androidx.profileinstaller.action.INSTALL_PROFILE" />
96-->[androidx.profileinstaller:profileinstaller:1.3.0] AndroidManifest.xml:41:17-91
96-->[androidx.profileinstaller:profileinstaller:1.3.0] AndroidManifest.xml:41:25-88
97            </intent-filter>
98            <intent-filter>
98-->[androidx.profileinstaller:profileinstaller:1.3.0] AndroidManifest.xml:43:13-45:29
99                <action android:name="androidx.profileinstaller.action.SKIP_FILE" />
99-->[androidx.profileinstaller:profileinstaller:1.3.0] AndroidManifest.xml:44:17-85
99-->[androidx.profileinstaller:profileinstaller:1.3.0] AndroidManifest.xml:44:25-82
100            </intent-filter>
101            <intent-filter>
101-->[androidx.profileinstaller:profileinstaller:1.3.0] AndroidManifest.xml:46:13-48:29
102                <action android:name="androidx.profileinstaller.action.SAVE_PROFILE" />
102-->[androidx.profileinstaller:profileinstaller:1.3.0] AndroidManifest.xml:47:17-88
102-->[androidx.profileinstaller:profileinstaller:1.3.0] AndroidManifest.xml:47:25-85
103            </intent-filter>
104            <intent-filter>
104-->[androidx.profileinstaller:profileinstaller:1.3.0] AndroidManifest.xml:49:13-51:29
105                <action android:name="androidx.profileinstaller.action.BENCHMARK_OPERATION" />
105-->[androidx.profileinstaller:profileinstaller:1.3.0] AndroidManifest.xml:50:17-95
105-->[androidx.profileinstaller:profileinstaller:1.3.0] AndroidManifest.xml:50:25-92
106            </intent-filter>
107        </receiver>
108    </application>
109
110</manifest>